nohup: ввод игнорируется
2026-02-11 18:03:55,632 - wordpress_api - INFO - WordPress API инициализирован для https://diason.uz
2026-02-11 18:03:57,418 - __main__ - INFO - ✅ WordPress API подключен: Подключение успешно
2026-02-11 18:03:57,419 - wordpress_api - INFO - WordPress API инициализирован для https://diason.uz
2026-02-11 18:03:58,435 - __main__ - INFO - ✅ WordPress API подключен: Подключение успешно
/home/kratos/clinic_bot/clinic_bot.py:2298: PTBUserWarning: If 'per_message=False', 'CallbackQueryHandler' will not be tracked for every message. Read this FAQ entry to learn more about the per_* settings: https://github.com/python-telegram-bot/python-telegram-bot/wiki/Frequently-Asked-Questions#what-do-the-per_-settings-in-conversationhandler-do.
  conv_handler = ConversationHandler(
/home/kratos/clinic_bot/clinic_bot.py:2396: PTBUserWarning: No `JobQueue` set up. To use `JobQueue`, you must install PTB via `pip install "python-telegram-bot[job-queue]"`.
  if application.job_queue:
2026-02-11 18:03:58,503 - __main__ - WARNING - ⚠️ JobQueue не доступен!
2026-02-11 18:03:58,503 - __main__ - INFO - 🤖 Бот запущен и готов к работе!
2026-02-11 18:03:58,816 - httpx - INFO - HTTP Request: POST https://api.telegram.org/bot7376506390:AAHCIbXDPvthv7rPNcS_Lkd7CNkofRTdCv4/getMe "HTTP/1.1 200 OK"
2026-02-11 18:03:58,953 - httpx - INFO - HTTP Request: POST https://api.telegram.org/bot7376506390:AAHCIbXDPvthv7rPNcS_Lkd7CNkofRTdCv4/setMyCommands "HTTP/1.1 200 OK"
2026-02-11 18:03:58,954 - __main__ - INFO - ✅ Команды бота успешно установлены
2026-02-11 18:03:59,059 - httpx - INFO - HTTP Request: POST https://api.telegram.org/bot7376506390:AAHCIbXDPvthv7rPNcS_Lkd7CNkofRTdCv4/deleteWebhook "HTTP/1.1 200 OK"
2026-02-11 18:03:59,061 - telegram.ext.Application - INFO - Application started
2026-02-11 18:04:09,554 - httpx - INFO - HTTP Request: POST https://api.telegram.org/bot7376506390:AAHCIbXDPvthv7rPNcS_Lkd7CNkofRTdCv4/getUpdates "HTTP/1.1 200 OK"
2026-02-11 18:04:19,654 - httpx - INFO - HTTP Request: POST https://api.telegram.org/bot7376506390:AAHCIbXDPvthv7rPNcS_Lkd7CNkofRTdCv4/getUpdates "HTTP/1.1 200 OK"
2026-02-11 18:04:29,765 - httpx - INFO - HTTP Request: POST https://api.telegram.org/bot7376506390:AAHCIbXDPvthv7rPNcS_Lkd7CNkofRTdCv4/getUpdates "HTTP/1.1 200 OK"
2026-02-11 18:04:39,866 - httpx - INFO - HTTP Request: POST https://api.telegram.org/bot7376506390:AAHCIbXDPvthv7rPNcS_Lkd7CNkofRTdCv4/getUpdates "HTTP/1.1 200 OK"
2026-02-11 18:04:49,967 - httpx - INFO - HTTP Request: POST https://api.telegram.org/bot7376506390:AAHCIbXDPvthv7rPNcS_Lkd7CNkofRTdCv4/getUpdates "HTTP/1.1 200 OK"
2026-02-11 18:05:00,078 - httpx - INFO - HTTP Request: POST https://api.telegram.org/bot7376506390:AAHCIbXDPvthv7rPNcS_Lkd7CNkofRTdCv4/getUpdates "HTTP/1.1 200 OK"
2026-02-11 18:05:10,182 - httpx - INFO - HTTP Request: POST https://api.telegram.org/bot7376506390:AAHCIbXDPvthv7rPNcS_Lkd7CNkofRTdCv4/getUpdates "HTTP/1.1 200 OK"
2026-02-11 18:05:20,292 - httpx - INFO - HTTP Request: POST https://api.telegram.org/bot7376506390:AAHCIbXDPvthv7rPNcS_Lkd7CNkofRTdCv4/getUpdates "HTTP/1.1 200 OK"
2026-02-11 18:05:30,396 - httpx - INFO - HTTP Request: POST https://api.telegram.org/bot7376506390:AAHCIbXDPvthv7rPNcS_Lkd7CNkofRTdCv4/getUpdates "HTTP/1.1 200 OK"
2026-02-11 18:05:40,499 - httpx - INFO - HTTP Request: POST https://api.telegram.org/bot7376506390:AAHCIbXDPvthv7rPNcS_Lkd7CNkofRTdCv4/getUpdates "HTTP/1.1 200 OK"
2026-02-11 18:05:50,602 - httpx - INFO - HTTP Request: POST https://api.telegram.org/bot7376506390:AAHCIbXDPvthv7rPNcS_Lkd7CNkofRTdCv4/getUpdates "HTTP/1.1 200 OK"
2026-02-11 18:06:00,709 - httpx - INFO - HTTP Request: POST https://api.telegram.org/bot7376506390:AAHCIbXDPvthv7rPNcS_Lkd7CNkofRTdCv4/getUpdates "HTTP/1.1 200 OK"
2026-02-11 18:06:10,813 - httpx - INFO - HTTP Request: POST https://api.telegram.org/bot7376506390:AAHCIbXDPvthv7rPNcS_Lkd7CNkofRTdCv4/getUpdates "HTTP/1.1 200 OK"
2026-02-11 18:06:20,919 - httpx - INFO - HTTP Request: POST https://api.telegram.org/bot7376506390:AAHCIbXDPvthv7rPNcS_Lkd7CNkofRTdCv4/getUpdates "HTTP/1.1 200 OK"
2026-02-11 18:06:31,019 - httpx - INFO - HTTP Request: POST https://api.telegram.org/bot7376506390:AAHCIbXDPvthv7rPNcS_Lkd7CNkofRTdCv4/getUpdates "HTTP/1.1 200 OK"
2026-02-11 18:06:41,122 - httpx - INFO - HTTP Request: POST https://api.telegram.org/bot7376506390:AAHCIbXDPvthv7rPNcS_Lkd7CNkofRTdCv4/getUpdates "HTTP/1.1 200 OK"
2026-02-11 18:06:51,237 - httpx - INFO - HTTP Request: POST https://api.telegram.org/bot7376506390:AAHCIbXDPvthv7rPNcS_Lkd7CNkofRTdCv4/getUpdates "HTTP/1.1 200 OK"
2026-02-11 18:07:01,339 - httpx - INFO - HTTP Request: POST https://api.telegram.org/bot7376506390:AAHCIbXDPvthv7rPNcS_Lkd7CNkofRTdCv4/getUpdates "HTTP/1.1 200 OK"
2026-02-11 18:07:11,442 - httpx - INFO - HTTP Request: POST https://api.telegram.org/bot7376506390:AAHCIbXDPvthv7rPNcS_Lkd7CNkofRTdCv4/getUpdates "HTTP/1.1 200 OK"
2026-02-11 18:07:21,546 - httpx - INFO - HTTP Request: POST https://api.telegram.org/bot7376506390:AAHCIbXDPvthv7rPNcS_Lkd7CNkofRTdCv4/getUpdates "HTTP/1.1 200 OK"
2026-02-11 18:07:31,648 - httpx - INFO - HTTP Request: POST https://api.telegram.org/bot7376506390:AAHCIbXDPvthv7rPNcS_Lkd7CNkofRTdCv4/getUpdates "HTTP/1.1 200 OK"
2026-02-11 18:07:41,748 - httpx - INFO - HTTP Request: POST https://api.telegram.org/bot7376506390:AAHCIbXDPvthv7rPNcS_Lkd7CNkofRTdCv4/getUpdates "HTTP/1.1 200 OK"
2026-02-11 18:07:51,850 - httpx - INFO - HTTP Request: POST https://api.telegram.org/bot7376506390:AAHCIbXDPvthv7rPNcS_Lkd7CNkofRTdCv4/getUpdates "HTTP/1.1 200 OK"
2026-02-11 18:08:01,957 - httpx - INFO - HTTP Request: POST https://api.telegram.org/bot7376506390:AAHCIbXDPvthv7rPNcS_Lkd7CNkofRTdCv4/getUpdates "HTTP/1.1 200 OK"
2026-02-11 18:08:12,074 - httpx - INFO - HTTP Request: POST https://api.telegram.org/bot7376506390:AAHCIbXDPvthv7rPNcS_Lkd7CNkofRTdCv4/getUpdates "HTTP/1.1 200 OK"
2026-02-11 18:08:22,180 - httpx - INFO - HTTP Request: POST https://api.telegram.org/bot7376506390:AAHCIbXDPvthv7rPNcS_Lkd7CNkofRTdCv4/getUpdates "HTTP/1.1 200 OK"
2026-02-11 18:08:32,282 - httpx - INFO - HTTP Request: POST https://api.telegram.org/bot7376506390:AAHCIbXDPvthv7rPNcS_Lkd7CNkofRTdCv4/getUpdates "HTTP/1.1 200 OK"
2026-02-11 18:08:42,489 - httpx - INFO - HTTP Request: POST https://api.telegram.org/bot7376506390:AAHCIbXDPvthv7rPNcS_Lkd7CNkofRTdCv4/getUpdates "HTTP/1.1 200 OK"
2026-02-11 18:08:52,591 - httpx - INFO - HTTP Request: POST https://api.telegram.org/bot7376506390:AAHCIbXDPvthv7rPNcS_Lkd7CNkofRTdCv4/getUpdates "HTTP/1.1 200 OK"
2026-02-11 18:09:02,692 - httpx - INFO - HTTP Request: POST https://api.telegram.org/bot7376506390:AAHCIbXDPvthv7rPNcS_Lkd7CNkofRTdCv4/getUpdates "HTTP/1.1 200 OK"
2026-02-11 18:09:12,792 - httpx - INFO - HTTP Request: POST https://api.telegram.org/bot7376506390:AAHCIbXDPvthv7rPNcS_Lkd7CNkofRTdCv4/getUpdates "HTTP/1.1 200 OK"
2026-02-11 18:09:22,892 - httpx - INFO - HTTP Request: POST https://api.telegram.org/bot7376506390:AAHCIbXDPvthv7rPNcS_Lkd7CNkofRTdCv4/getUpdates "HTTP/1.1 200 OK"
2026-02-11 18:09:33,049 - httpx - INFO - HTTP Request: POST https://api.telegram.org/bot7376506390:AAHCIbXDPvthv7rPNcS_Lkd7CNkofRTdCv4/getUpdates "HTTP/1.1 200 OK"
2026-02-11 18:09:43,151 - httpx - INFO - HTTP Request: POST https://api.telegram.org/bot7376506390:AAHCIbXDPvthv7rPNcS_Lkd7CNkofRTdCv4/getUpdates "HTTP/1.1 200 OK"
2026-02-11 18:09:53,256 - httpx - INFO - HTTP Request: POST https://api.telegram.org/bot7376506390:AAHCIbXDPvthv7rPNcS_Lkd7CNkofRTdCv4/getUpdates "HTTP/1.1 200 OK"
2026-02-11 18:10:03,388 - httpx - INFO - HTTP Request: POST https://api.telegram.org/bot7376506390:AAHCIbXDPvthv7rPNcS_Lkd7CNkofRTdCv4/getUpdates "HTTP/1.1 200 OK"
2026-02-11 18:10:13,496 - httpx - INFO - HTTP Request: POST https://api.telegram.org/bot7376506390:AAHCIbXDPvthv7rPNcS_Lkd7CNkofRTdCv4/getUpdates "HTTP/1.1 200 OK"
2026-02-11 18:10:23,597 - httpx - INFO - HTTP Request: POST https://api.telegram.org/bot7376506390:AAHCIbXDPvthv7rPNcS_Lkd7CNkofRTdCv4/getUpdates "HTTP/1.1 200 OK"
2026-02-11 18:10:33,709 - httpx - INFO - HTTP Request: POST https://api.telegram.org/bot7376506390:AAHCIbXDPvthv7rPNcS_Lkd7CNkofRTdCv4/getUpdates "HTTP/1.1 200 OK"
2026-02-11 18:10:43,815 - httpx - INFO - HTTP Request: POST https://api.telegram.org/bot7376506390:AAHCIbXDPvthv7rPNcS_Lkd7CNkofRTdCv4/getUpdates "HTTP/1.1 200 OK"
2026-02-11 18:10:54,033 - httpx - INFO - HTTP Request: POST https://api.telegram.org/bot7376506390:AAHCIbXDPvthv7rPNcS_Lkd7CNkofRTdCv4/getUpdates "HTTP/1.1 200 OK"
2026-02-11 18:11:04,134 - httpx - INFO - HTTP Request: POST https://api.telegram.org/bot7376506390:AAHCIbXDPvthv7rPNcS_Lkd7CNkofRTdCv4/getUpdates "HTTP/1.1 200 OK"
2026-02-11 18:11:14,248 - httpx - INFO - HTTP Request: POST https://api.telegram.org/bot7376506390:AAHCIbXDPvthv7rPNcS_Lkd7CNkofRTdCv4/getUpdates "HTTP/1.1 200 OK"
2026-02-11 18:11:14,454 - httpx - INFO - HTTP Request: POST https://api.telegram.org/bot7376506390:AAHCIbXDPvthv7rPNcS_Lkd7CNkofRTdCv4/getUpdates "HTTP/1.1 200 OK"
2026-02-11 18:11:14,460 - __main__ - ERROR - Ошибка подключения: 2003: Can't connect to MySQL server on 'localhost:3306' (111 Connection refused)
2026-02-11 18:11:14,461 - __main__ - WARNING - Нет подключения к БД, используем резервный список врачей
2026-02-11 18:11:14,461 - __main__ - INFO - Start command: User 1584646131 (Станислав). Is Admin: True. Admin list len: 3
2026-02-11 18:11:14,852 - httpx - INFO - HTTP Request: POST https://api.telegram.org/bot7376506390:AAHCIbXDPvthv7rPNcS_Lkd7CNkofRTdCv4/sendMessage "HTTP/1.1 200 OK"
2026-02-11 18:11:18,893 - httpx - INFO - HTTP Request: POST https://api.telegram.org/bot7376506390:AAHCIbXDPvthv7rPNcS_Lkd7CNkofRTdCv4/getUpdates "HTTP/1.1 200 OK"
2026-02-11 18:11:18,894 - telegram.ext.Application - INFO - Application is stopping. This might take a moment.
2026-02-11 18:11:18,894 - telegram.ext.Application - INFO - Application.stop() complete

============================================================
🏥 БОТ ДЛЯ ЗАПИСИ В КЛИНИКУ
============================================================
База данных: s1143023_da5on46
Префикс таблиц: 
Токен бота: ********************
============================================================
Бот запущен. Нажмите Ctrl+C для остановки.
============================================================
O - HTTP Request: POST https://api.telegram.org/bot7376506390:AAHCIbXDPvthv7rPNcS_Lkd7CNkofRTdCv4/getUpdates "HTTP/1.1 200 OK"
2026-02-11 18:10:03,388 - httpx - INFO - HTTP Request: POST https://api.telegram.org/bot7376506390:AAHCIbXDPvthv7rPNcS_Lkd7CNkofRTdCv4/getUpdates "HTTP/1.1 200 OK"
2026-02-11 18:10:13,496 - httpx - INFO - HTTP Request: POST https://api.telegram.org/bot7376506390:AAHCIbXDPvthv7rPNcS_Lkd7CNkofRTdCv4/getUpdates "HTTP/1.1 200 OK"
2026-02-11 18:10:23,597 - httpx - INFO - HTTP Request: POST https://api.telegram.org/bot7376506390:AAHCIbXDPvthv7rPNcS_Lkd7CNkofRTdCv4/getUpdates "HTTP/1.1 200 OK"
2026-02-11 18:10:33,709 - httpx - INFO - HTTP Request: POST https://api.telegram.org/bot7376506390:AAHCIbXDPvthv7rPNcS_Lkd7CNkofRTdCv4/getUpdates "HTTP/1.1 200 OK"
2026-02-11 18:10:43,815 - httpx - INFO - HTTP Request: POST https://api.telegram.org/bot7376506390:AAHCIbXDPvthv7rPNcS_Lkd7CNkofRTdCv4/getUpdates "HTTP/1.1 200 OK"
2026-02-11 18:10:54,033 - httpx - INFO - HTTP Request: POST https://api.telegram.org/bot7376506390:AAHCIbXDPvthv7rPNcS_Lkd7CNkofRTdCv4/getUpdates "HTTP/1.1 200 OK"
2026-02-11 18:11:04,134 - httpx - INFO - HTTP Request: POST https://api.telegram.org/bot7376506390:AAHCIbXDPvthv7rPNcS_Lkd7CNkofRTdCv4/getUpdates "HTTP/1.1 200 OK"
2026-02-11 18:11:14,248 - httpx - INFO - HTTP Request: POST https://api.telegram.org/bot7376506390:AAHCIbXDPvthv7rPNcS_Lkd7CNkofRTdCv4/getUpdates "HTTP/1.1 200 OK"
2026-02-11 18:11:14,454 - httpx - INFO - HTTP Request: POST https://api.telegram.org/bot7376506390:AAHCIbXDPvthv7rPNcS_Lkd7CNkofRTdCv4/getUpdates "HTTP/1.1 200 OK"
2026-02-11 18:11:14,460 - __main__ - ERROR - Ошибка подключения: 2003: Can't connect to MySQL server on 'localhost:3306' (111 Connection refused)
2026-02-11 18:11:14,461 - __main__ - WARNING - Нет подключения к БД, используем резервный список врачей
2026-02-11 18:11:14,461 - __main__ - INFO - Start command: User 1584646131 (Станислав). Is Admin: True. Admin list len: 3
2026-02-11 18:11:14,852 - httpx - INFO - HTTP Request: POST https://api.telegram.org/bot7376506390:AAHCIbXDPvthv7rPNcS_Lkd7CNkofRTdCv4/sendMessage "HTTP/1.1 200 OK"
2026-02-11 18:11:18,893 - httpx - INFO - HTTP Request: POST https://api.telegram.org/bot7376506390:AAHCIbXDPvthv7rPNcS_Lkd7CNkofRTdCv4/getUpdates "HTTP/1.1 200 OK"
2026-02-11 18:11:18,894 - telegram.ext.Application - INFO - Application is stopping. This might take a moment.
2026-02-11 18:11:18,894 - telegram.ext.Application - INFO - Application.stop() complete
2026-02-11 18:11:20,033 - wordpress_api - INFO - WordPress API инициализирован для https://diason.uz
2026-02-11 18:11:22,076 - __main__ - INFO - ✅ WordPress API подключен: Подключение успешно
2026-02-11 18:11:22,077 - wordpress_api - INFO - WordPress API инициализирован для https://diason.uz
2026-02-11 18:11:23,109 - __main__ - INFO - ✅ WordPress API подключен: Подключение успешно
2026-02-11 18:11:23,267 - __main__ - WARNING - ⚠️ JobQueue не доступен!
2026-02-11 18:11:23,267 - __main__ - INFO - 🤖 Бот запущен и готов к работе!
2026-02-11 18:11:23,561 - httpx - INFO - HTTP Request: POST https://api.telegram.org/bot7376506390:AAHCIbXDPvthv7rPNcS_Lkd7CNkofRTdCv4/getMe "HTTP/1.1 200 OK"
2026-02-11 18:11:23,667 - httpx - INFO - HTTP Request: POST https://api.telegram.org/bot7376506390:AAHCIbXDPvthv7rPNcS_Lkd7CNkofRTdCv4/setMyCommands "HTTP/1.1 200 OK"
2026-02-11 18:11:23,668 - __main__ - INFO - ✅ Команды бота успешно установлены
2026-02-11 18:11:23,764 - httpx - INFO - HTTP Request: POST https://api.telegram.org/bot7376506390:AAHCIbXDPvthv7rPNcS_Lkd7CNkofRTdCv4/deleteWebhook "HTTP/1.1 200 OK"
2026-02-11 18:11:23,766 - telegram.ext.Application - INFO - Application started
2026-02-11 18:11:24,062 - httpx - INFO - HTTP Request: POST https://api.telegram.org/bot7376506390:AAHCIbXDPvthv7rPNcS_Lkd7CNkofRTdCv4/getUpdates "HTTP/1.1 200 OK"
2026-02-11 18:11:24,068 - __main__ - ERROR - Ошибка подключения: 2003: Can't connect to MySQL server on 'localhost:3306' (111 Connection refused)
2026-02-11 18:11:24,068 - __main__ - WARNING - Нет подключения к БД, используем резервный список врачей
2026-02-11 18:11:24,068 - __main__ - INFO - Start command: User 1584646131 (Станислав). Is Admin: True. Admin list len: 3
2026-02-11 18:11:24,195 - httpx - INFO - HTTP Request: POST https://api.telegram.org/bot7376506390:AAHCIbXDPvthv7rPNcS_Lkd7CNkofRTdCv4/sendMessage "HTTP/1.1 200 OK"
2026-02-11 18:11:26,491 - httpx - INFO - HTTP Request: POST https://api.telegram.org/bot7376506390:AAHCIbXDPvthv7rPNcS_Lkd7CNkofRTdCv4/getUpdates "HTTP/1.1 200 OK"
2026-02-11 18:11:26,495 - __main__ - ERROR - Ошибка подключения: 2003: Can't connect to MySQL server on 'localhost:3306' (111 Connection refused)
2026-02-11 18:11:26,495 - __main__ - WARNING - Нет подключения к БД, используем резервный список врачей
2026-02-11 18:11:26,644 - httpx - INFO - HTTP Request: POST https://api.telegram.org/bot7376506390:AAHCIbXDPvthv7rPNcS_Lkd7CNkofRTdCv4/sendMessage "HTTP/1.1 200 OK"
2026-02-11 18:11:27,971 - httpx - INFO - HTTP Request: POST https://api.telegram.org/bot7376506390:AAHCIbXDPvthv7rPNcS_Lkd7CNkofRTdCv4/getUpdates "HTTP/1.1 200 OK"
2026-02-11 18:11:28,120 - httpx - INFO - HTTP Request: POST https://api.telegram.org/bot7376506390:AAHCIbXDPvthv7rPNcS_Lkd7CNkofRTdCv4/sendMessage "HTTP/1.1 200 OK"
2026-02-11 18:11:29,263 - httpx - INFO - HTTP Request: POST https://api.telegram.org/bot7376506390:AAHCIbXDPvthv7rPNcS_Lkd7CNkofRTdCv4/deleteMessage "HTTP/1.1 200 OK"
2026-02-11 18:11:29,381 - httpx - INFO - HTTP Request: POST https://api.telegram.org/bot7376506390:AAHCIbXDPvthv7rPNcS_Lkd7CNkofRTdCv4/sendMessage "HTTP/1.1 200 OK"
2026-02-11 18:11:30,043 - httpx - INFO - HTTP Request: POST https://api.telegram.org/bot7376506390:AAHCIbXDPvthv7rPNcS_Lkd7CNkofRTdCv4/getUpdates "HTTP/1.1 200 OK"
2026-02-11 18:11:30,046 - __main__ - ERROR - Ошибка подключения: 2003: Can't connect to MySQL server on 'localhost:3306' (111 Connection refused)
2026-02-11 18:11:30,046 - __main__ - WARNING - Нет подключения к БД, используем резервный список врачей
2026-02-11 18:11:30,196 - httpx - INFO - HTTP Request: POST https://api.telegram.org/bot7376506390:AAHCIbXDPvthv7rPNcS_Lkd7CNkofRTdCv4/sendMessage "HTTP/1.1 200 OK"
2026-02-11 18:11:31,756 - httpx - INFO - HTTP Request: POST https://api.telegram.org/bot7376506390:AAHCIbXDPvthv7rPNcS_Lkd7CNkofRTdCv4/getUpdates "HTTP/1.1 200 OK"
2026-02-11 18:11:31,859 - httpx - INFO - HTTP Request: POST https://api.telegram.org/bot7376506390:AAHCIbXDPvthv7rPNcS_Lkd7CNkofRTdCv4/answerCallbackQuery "HTTP/1.1 200 OK"
2026-02-11 18:11:31,859 - __main__ - INFO - select_doctor: Processing callback data: doctor_6
2026-02-11 18:11:31,860 - __main__ - ERROR - Ошибка подключения: 2003: Can't connect to MySQL server on 'localhost:3306' (111 Connection refused)
2026-02-11 18:11:31,860 - __main__ - WARNING - Нет подключения к БД, используем резервный список врачей
2026-02-11 18:11:31,973 - httpx - INFO - HTTP Request: POST https://api.telegram.org/bot7376506390:AAHCIbXDPvthv7rPNcS_Lkd7CNkofRTdCv4/editMessageText "HTTP/1.1 200 OK"
2026-02-11 18:11:32,743 - httpx - INFO - HTTP Request: POST https://api.telegram.org/bot7376506390:AAHCIbXDPvthv7rPNcS_Lkd7CNkofRTdCv4/getUpdates "HTTP/1.1 200 OK"
2026-02-11 18:11:32,849 - httpx - INFO - HTTP Request: POST https://api.telegram.org/bot7376506390:AAHCIbXDPvthv7rPNcS_Lkd7CNkofRTdCv4/answerCallbackQuery "HTTP/1.1 200 OK"
2026-02-11 18:11:33,820 - __main__ - INFO - Получены занятые слоты из WordPress: ['09:00', '10:30', '13:30', '11:15', '09:45', '12:45', '12:00']
2026-02-11 18:11:33,945 - httpx - INFO - HTTP Request: POST https://api.telegram.org/bot7376506390:AAHCIbXDPvthv7rPNcS_Lkd7CNkofRTdCv4/editMessageText "HTTP/1.1 200 OK"
2026-02-11 18:11:35,673 - httpx - INFO - HTTP Request: POST https://api.telegram.org/bot7376506390:AAHCIbXDPvthv7rPNcS_Lkd7CNkofRTdCv4/getUpdates "HTTP/1.1 200 OK"
2026-02-11 18:11:35,797 - httpx - INFO - HTTP Request: POST https://api.telegram.org/bot7376506390:AAHCIbXDPvthv7rPNcS_Lkd7CNkofRTdCv4/sendMessage "HTTP/1.1 200 OK"
2026-02-11 18:11:37,068 - httpx - INFO - HTTP Request: POST https://api.telegram.org/bot7376506390:AAHCIbXDPvthv7rPNcS_Lkd7CNkofRTdCv4/getUpdates "HTTP/1.1 200 OK"
2026-02-11 18:11:37,176 - httpx - INFO - HTTP Request: POST https://api.telegram.org/bot7376506390:AAHCIbXDPvthv7rPNcS_Lkd7CNkofRTdCv4/answerCallbackQuery "HTTP/1.1 200 OK"
2026-02-11 18:11:37,177 - __main__ - INFO - DEBUG: Calling get_all_doctors_for_admin...
2026-02-11 18:11:37,179 - __main__ - ERROR - Ошибка подключения: 2003: Can't connect to MySQL server on 'localhost:3306' (111 Connection refused)
2026-02-11 18:11:37,179 - __main__ - WARNING - Нет подключения к БД для получения списка врачей. Используем локальный кэш.
2026-02-11 18:11:37,180 - __main__ - ERROR - Ошибка при обработке обновления: 'ClinicDatabase' object has no attribute 'local_doctors'
2026-02-11 18:11:39,279 - httpx - INFO - HTTP Request: POST https://api.telegram.org/bot7376506390:AAHCIbXDPvthv7rPNcS_Lkd7CNkofRTdCv4/getUpdates "HTTP/1.1 200 OK"
2026-02-11 18:11:39,385 - httpx - INFO - HTTP Request: POST https://api.telegram.org/bot7376506390:AAHCIbXDPvthv7rPNcS_Lkd7CNkofRTdCv4/answerCallbackQuery "HTTP/1.1 200 OK"
2026-02-11 18:11:39,386 - __main__ - INFO - DEBUG: Calling get_all_doctors_for_admin...
2026-02-11 18:11:39,388 - __main__ - ERROR - Ошибка подключения: 2003: Can't connect to MySQL server on 'localhost:3306' (111 Connection refused)
2026-02-11 18:11:39,388 - __main__ - WARNING - Нет подключения к БД для получения списка врачей. Используем локальный кэш.
2026-02-11 18:11:39,389 - __main__ - ERROR - Ошибка при обработке обновления: 'ClinicDatabase' object has no attribute 'local_doctors'
2026-02-11 18:11:40,114 - httpx - INFO - HTTP Request: POST https://api.telegram.org/bot7376506390:AAHCIbXDPvthv7rPNcS_Lkd7CNkofRTdCv4/getUpdates "HTTP/1.1 200 OK"
2026-02-11 18:11:40,257 - httpx - INFO - HTTP Request: POST https://api.telegram.org/bot7376506390:AAHCIbXDPvthv7rPNcS_Lkd7CNkofRTdCv4/answerCallbackQuery "HTTP/1.1 200 OK"
2026-02-11 18:11:40,258 - __main__ - INFO - DEBUG: Calling get_all_doctors_for_admin...
2026-02-11 18:11:40,260 - __main__ - ERROR - Ошибка подключения: 2003: Can't connect to MySQL server on 'localhost:3306' (111 Connection refused)
2026-02-11 18:11:40,260 - __main__ - WARNING - Нет подключения к БД для получения списка врачей. Используем локальный кэш.
2026-02-11 18:11:40,260 - __main__ - ERROR - Ошибка при обработке обновления: 'ClinicDatabase' object has no attribute 'local_doctors'
2026-02-11 18:11:40,462 - httpx - INFO - HTTP Request: POST https://api.telegram.org/bot7376506390:AAHCIbXDPvthv7rPNcS_Lkd7CNkofRTdCv4/getUpdates "HTTP/1.1 200 OK"
2026-02-11 18:11:40,669 - httpx - INFO - HTTP Request: POST https://api.telegram.org/bot7376506390:AAHCIbXDPvthv7rPNcS_Lkd7CNkofRTdCv4/answerCallbackQuery "HTTP/1.1 200 OK"
2026-02-11 18:11:40,670 - __main__ - INFO - DEBUG: Calling get_all_doctors_for_admin...
2026-02-11 18:11:40,671 - __main__ - ERROR - Ошибка подключения: 2003: Can't connect to MySQL server on 'localhost:3306' (111 Connection refused)
2026-02-11 18:11:40,671 - __main__ - WARNING - Нет подключения к БД для получения списка врачей. Используем локальный кэш.
2026-02-11 18:11:40,672 - __main__ - ERROR - Ошибка при обработке обновления: 'ClinicDatabase' object has no attribute 'local_doctors'
2026-02-11 18:11:50,564 - httpx - INFO - HTTP Request: POST https://api.telegram.org/bot7376506390:AAHCIbXDPvthv7rPNcS_Lkd7CNkofRTdCv4/getUpdates "HTTP/1.1 200 OK"
2026-02-11 18:11:55,483 - httpx - INFO - HTTP Request: POST https://api.telegram.org/bot7376506390:AAHCIbXDPvthv7rPNcS_Lkd7CNkofRTdCv4/getUpdates "HTTP/1.1 200 OK"
2026-02-11 18:11:55,484 - telegram.ext.Application - INFO - Application is stopping. This might take a moment.
2026-02-11 18:11:55,485 - telegram.ext.Application - INFO - Application.stop() complete
2026-02-11 18:12:05,930 - wordpress_api - INFO - WordPress API инициализирован для https://diason.uz
2026-02-11 18:12:07,161 - __main__ - INFO - ✅ WordPress API подключен: Подключение успешно
2026-02-11 18:12:07,162 - wordpress_api - INFO - WordPress API инициализирован для https://diason.uz
2026-02-11 18:12:08,140 - __main__ - INFO - ✅ WordPress API подключен: Подключение успешно
2026-02-11 18:12:08,212 - __main__ - WARNING - ⚠️ JobQueue не доступен!
2026-02-11 18:12:08,212 - __main__ - INFO - 🤖 Бот запущен и готов к работе!
2026-02-11 18:12:08,930 - httpx - INFO - HTTP Request: POST https://api.telegram.org/bot7376506390:AAHCIbXDPvthv7rPNcS_Lkd7CNkofRTdCv4/getMe "HTTP/1.1 200 OK"
2026-02-11 18:12:09,135 - httpx - INFO - HTTP Request: POST https://api.telegram.org/bot7376506390:AAHCIbXDPvthv7rPNcS_Lkd7CNkofRTdCv4/setMyCommands "HTTP/1.1 200 OK"
2026-02-11 18:12:09,136 - __main__ - INFO - ✅ Команды бота успешно установлены
2026-02-11 18:12:09,236 - httpx - INFO - HTTP Request: POST https://api.telegram.org/bot7376506390:AAHCIbXDPvthv7rPNcS_Lkd7CNkofRTdCv4/deleteWebhook "HTTP/1.1 200 OK"
2026-02-11 18:12:09,238 - telegram.ext.Application - INFO - Application started
2026-02-11 18:12:09,534 - httpx - INFO - HTTP Request: POST https://api.telegram.org/bot7376506390:AAHCIbXDPvthv7rPNcS_Lkd7CNkofRTdCv4/getUpdates "HTTP/1.1 200 OK"
2026-02-11 18:12:09,539 - __main__ - ERROR - Ошибка подключения: 2003: Can't connect to MySQL server on 'localhost:3306' (111 Connection refused)
2026-02-11 18:12:09,539 - __main__ - WARNING - Нет подключения к БД, используем резервный список врачей
2026-02-11 18:12:09,678 - httpx - INFO - HTTP Request: POST https://api.telegram.org/bot7376506390:AAHCIbXDPvthv7rPNcS_Lkd7CNkofRTdCv4/sendMessage "HTTP/1.1 200 OK"
2026-02-11 18:12:19,675 - httpx - INFO - HTTP Request: POST https://api.telegram.org/bot7376506390:AAHCIbXDPvthv7rPNcS_Lkd7CNkofRTdCv4/getUpdates "HTTP/1.1 200 OK"
2026-02-11 18:12:29,789 - httpx - INFO - HTTP Request: POST https://api.telegram.org/bot7376506390:AAHCIbXDPvthv7rPNcS_Lkd7CNkofRTdCv4/getUpdates "HTTP/1.1 200 OK"
2026-02-11 18:12:39,894 - httpx - INFO - HTTP Request: POST https://api.telegram.org/bot7376506390:AAHCIbXDPvthv7rPNcS_Lkd7CNkofRTdCv4/getUpdates "HTTP/1.1 200 OK"
2026-02-11 18:12:49,991 - httpx - INFO - HTTP Request: POST https://api.telegram.org/bot7376506390:AAHCIbXDPvthv7rPNcS_Lkd7CNkofRTdCv4/getUpdates "HTTP/1.1 200 OK"
2026-02-11 18:13:00,108 - httpx - INFO - HTTP Request: POST https://api.telegram.org/bot7376506390:AAHCIbXDPvthv7rPNcS_Lkd7CNkofRTdCv4/getUpdates "HTTP/1.1 200 OK"
2026-02-11 18:13:10,210 - httpx - INFO - HTTP Request: POST https://api.telegram.org/bot7376506390:AAHCIbXDPvthv7rPNcS_Lkd7CNkofRTdCv4/getUpdates "HTTP/1.1 200 OK"
2026-02-11 18:13:20,332 - httpx - INFO - HTTP Request: POST https://api.telegram.org/bot7376506390:AAHCIbXDPvthv7rPNcS_Lkd7CNkofRTdCv4/getUpdates "HTTP/1.1 200 OK"
2026-02-11 18:13:30,433 - httpx - INFO - HTTP Request: POST https://api.telegram.org/bot7376506390:AAHCIbXDPvthv7rPNcS_Lkd7CNkofRTdCv4/getUpdates "HTTP/1.1 200 OK"
2026-02-11 18:13:40,536 - httpx - INFO - HTTP Request: POST https://api.telegram.org/bot7376506390:AAHCIbXDPvthv7rPNcS_Lkd7CNkofRTdCv4/getUpdates "HTTP/1.1 200 OK"
2026-02-11 18:13:50,635 - httpx - INFO - HTTP Request: POST https://api.telegram.org/bot7376506390:AAHCIbXDPvthv7rPNcS_Lkd7CNkofRTdCv4/getUpdates "HTTP/1.1 200 OK"
2026-02-11 18:14:00,732 - httpx - INFO - HTTP Request: POST https://api.telegram.org/bot7376506390:AAHCIbXDPvthv7rPNcS_Lkd7CNkofRTdCv4/getUpdates "HTTP/1.1 200 OK"
2026-02-11 18:14:10,829 - httpx - INFO - HTTP Request: POST https://api.telegram.org/bot7376506390:AAHCIbXDPvthv7rPNcS_Lkd7CNkofRTdCv4/getUpdates "HTTP/1.1 200 OK"
2026-02-11 18:14:20,928 - httpx - INFO - HTTP Request: POST https://api.telegram.org/bot7376506390:AAHCIbXDPvthv7rPNcS_Lkd7CNkofRTdCv4/getUpdates "HTTP/1.1 200 OK"
2026-02-11 18:14:31,026 - httpx - INFO - HTTP Request: POST https://api.telegram.org/bot7376506390:AAHCIbXDPvthv7rPNcS_Lkd7CNkofRTdCv4/getUpdates "HTTP/1.1 200 OK"
2026-02-11 18:14:41,125 - httpx - INFO - HTTP Request: POST https://api.telegram.org/bot7376506390:AAHCIbXDPvthv7rPNcS_Lkd7CNkofRTdCv4/getUpdates "HTTP/1.1 200 OK"
2026-02-11 18:14:51,227 - httpx - INFO - HTTP Request: POST https://api.telegram.org/bot7376506390:AAHCIbXDPvthv7rPNcS_Lkd7CNkofRTdCv4/getUpdates "HTTP/1.1 200 OK"
